app/build/outputs/logs/manifest-merger-debug-report.txt
-- Merging decision tree log ---
manifest
ADDED from src\main\AndroidManifest.xml:2:1-233:12
	package
		ADDED from src\main\AndroidManifest.xml:3:5-33
		INJECTED from src\main\AndroidManifest.xml
		INJECTED from src\main\AndroidManifest.xml
	android:versionName
		ADDED from src\main\AndroidManifest.xml:5:5-30
		INJECTED from src\main\AndroidManifest.xml
		INJECTED from src\main\AndroidManifest.xml
	android:versionCode
		ADDED from src\main\AndroidManifest.xml:4:5-28
		INJECTED from src\main\AndroidManifest.xml
		INJECTED from src\main\AndroidManifest.xml
	xmlns:android
		ADDED from src\main\AndroidManifest.xml:2:11-69
uses-sdk
ADDED from src\main\AndroidManifest.xml:7:5-9:41
MERGED from [com.android.support:appcompat-v7:25.0.1] AndroidManifest.xml:21:5-23:78
MERGED from [com.android.support:support-v4:25.0.1] AndroidManifest.xml:21:5-23:54
MERGED from [com.android.support:support-fragment:25.0.1] AndroidManifest.xml:21:5-23:60
MERGED from [com.android.support:support-media-compat:25.0.1] AndroidManifest.xml:21:5-23:63
MERGED from [com.android.support:support-core-ui:25.0.1] AndroidManifest.xml:21:5-23:58
MERGED from [com.android.support:support-core-utils:25.0.1] AndroidManifest.xml:21:5-23:61
MERGED from [com.android.support:animated-vector-drawable:25.0.1] AndroidManifest.xml:20:5-44
MERGED from [com.android.support:support-vector-drawable:25.0.1] AndroidManifest.xml:21:5-43
MERGED from [com.android.support:support-compat:25.0.1] AndroidManifest.xml:21:5-23:58
	tools:overrideLibrary
		ADDED from [com.android.support:appcompat-v7:25.0.1] AndroidManifest.xml:23:9-75
	android:targetSdkVersion
		ADDED from src\main\AndroidManifest.xml:9:9-38
		INJECTED from src\main\AndroidManifest.xml
		INJECTED from src\main\AndroidManifest.xml
	android:minSdkVersion
		ADDED from src\main\AndroidManifest.xml:8:9-34
		INJECTED from src\main\AndroidManifest.xml
		INJECTED from src\main\AndroidManifest.xml
application
ADDED from src\main\AndroidManifest.xml:11:5-221:19
MERGED from [com.android.support:appcompat-v7:25.0.1] AndroidManifest.xml:25:5-20
MERGED from [com.android.support:support-v4:25.0.1] AndroidManifest.xml:25:5-20
MERGED from [com.android.support:support-fragment:25.0.1] AndroidManifest.xml:25:5-20
MERGED from [com.android.support:support-media-compat:25.0.1] AndroidManifest.xml:25:5-20
MERGED from [com.android.support:support-core-ui:25.0.1] AndroidManifest.xml:25:5-20
MERGED from [com.android.support:support-core-utils:25.0.1] AndroidManifest.xml:25:5-20
MERGED from [com.android.support:animated-vector-drawable:25.0.1] AndroidManifest.xml:22:5-20
MERGED from [com.android.support:support-vector-drawable:25.0.1] AndroidManifest.xml:23:5-20
MERGED from [com.android.support:support-compat:25.0.1] AndroidManifest.xml:25:5-20
	android:label
		ADDED from src\main\AndroidManifest.xml:16:9-41
	android:allowBackup
		ADDED from src\main\AndroidManifest.xml:14:9-36
	android:icon
		ADDED from src\main\AndroidManifest.xml:15:9-43
	android:theme
		ADDED from src\main\AndroidManifest.xml:17:9-51
	android:name
		ADDED from src\main\AndroidManifest.xml:13:9-29
meta-data#com.amap.api.v2.apikey
ADDED from src\main\AndroidManifest.xml:18:9-20:64
	android:value
		ADDED from src\main\AndroidManifest.xml:20:13-61
	android:name
		ADDED from src\main\AndroidManifest.xml:19:13-50
activity#com.amap.navi.demo.activity.IndexActivity
ADDED from src\main\AndroidManifest.xml:22:9-30:20
	android:screenOrientation
		ADDED from src\main\AndroidManifest.xml:25:13-49
	android:label
		ADDED from src\main\AndroidManifest.xml:24:13-45
	android:name
		ADDED from src\main\AndroidManifest.xml:23:13-51
intent-filter#android.intent.action.MAIN+android.intent.category.LAUNCHER
ADDED from src\main\AndroidManifest.xml:26:13-29:29
action#android.intent.action.MAIN
ADDED from src\main\AndroidManifest.xml:27:17-69
	android:name
		ADDED from src\main\AndroidManifest.xml:27:25-66
category#android.intent.category.LAUNCHER
ADDED from src\main\AndroidManifest.xml:28:17-77
	android:name
		ADDED from src\main\AndroidManifest.xml:28:27-74
activity#com.amap.navi.demo.activity.BasicNaviActivity
ADDED from src\main\AndroidManifest.xml:32:9-36:69
	android:label
		ADDED from src\main\AndroidManifest.xml:35:13-45
	android:configChanges
		ADDED from src\main\AndroidManifest.xml:34:13-74
	android:theme
		ADDED from src\main\AndroidManifest.xml:36:13-66
	android:name
		ADDED from src\main\AndroidManifest.xml:33:13-73
activity#com.amap.navi.demo.activity.CustomZoomInIntersectionViewActivity
ADDED from src\main\AndroidManifest.xml:38:9-42:69
	android:label
		ADDED from src\main\AndroidManifest.xml:41:13-45
	android:configChanges
		ADDED from src\main\AndroidManifest.xml:40:13-74
	android:theme
		ADDED from src\main\AndroidManifest.xml:42:13-66
	android:name
		ADDED from src\main\AndroidManifest.xml:39:13-92
activity#com.amap.navi.demo.activity.CustomRouteActivity
ADDED from src\main\AndroidManifest.xml:45:9-49:69
	android:label
		ADDED from src\main\AndroidManifest.xml:48:13-45
	android:configChanges
		ADDED from src\main\AndroidManifest.xml:47:13-74
	android:theme
		ADDED from src\main\AndroidManifest.xml:49:13-66
	android:name
		ADDED from src\main\AndroidManifest.xml:46:13-75
activity#com.amap.navi.demo.activity.CustomDriveWayViewActivity
ADDED from src\main\AndroidManifest.xml:51:9-55:69
	android:label
		ADDED from src\main\AndroidManifest.xml:54:13-45
	android:configChanges
		ADDED from src\main\AndroidManifest.xml:53:13-74
	android:theme
		ADDED from src\main\AndroidManifest.xml:55:13-66
	android:name
		ADDED from src\main\AndroidManifest.xml:52:13-82
activity#com.amap.navi.demo.activity.HudDisplayActivity
ADDED from src\main\AndroidManifest.xml:57:9-61:69
	android:label
		ADDED from src\main\AndroidManifest.xml:60:13-45
	android:configChanges
		ADDED from src\main\AndroidManifest.xml:59:13-74
	android:theme
		ADDED from src\main\AndroidManifest.xml:61:13-66
	android:name
		ADDED from src\main\AndroidManifest.xml:58:13-74
activity#com.amap.navi.demo.activity.IntelligentBroadcastActivity
ADDED from src\main\AndroidManifest.xml:63:9-67:69
	android:label
		ADDED from src\main\AndroidManifest.xml:66:13-45
	android:configChanges
		ADDED from src\main\AndroidManifest.xml:65:13-74
	android:theme
		ADDED from src\main\AndroidManifest.xml:67:13-66
	android:name
		ADDED from src\main\AndroidManifest.xml:64:13-84
activity#com.amap.navi.demo.activity.RoutePlanningActivity
ADDED from src\main\AndroidManifest.xml:68:9-73:63
	android:label
		ADDED from src\main\AndroidManifest.xml:71:13-45
	android:windowSoftInputMode
		ADDED from src\main\AndroidManifest.xml:73:13-60
	android:configChanges
		ADDED from src\main\AndroidManifest.xml:70:13-74
	android:theme
		ADDED from src\main\AndroidManifest.xml:72:13-66
	android:name
		ADDED from src\main\AndroidManifest.xml:69:13-77
activity#com.amap.navi.demo.activity.GPSNaviActivity
ADDED from src\main\AndroidManifest.xml:74:9-78:69
	android:label
		ADDED from src\main\AndroidManifest.xml:77:13-45
	android:configChanges
		ADDED from src\main\AndroidManifest.xml:76:13-74
	android:theme
		ADDED from src\main\AndroidManifest.xml:78:13-66
	android:name
		ADDED from src\main\AndroidManifest.xml:75:13-71
activity#com.amap.navi.demo.activity.CustomTrafficBarViewActivity
ADDED from src\main\AndroidManifest.xml:80:9-84:69
	android:label
		ADDED from src\main\AndroidManifest.xml:83:13-45
	android:configChanges
		ADDED from src\main\AndroidManifest.xml:82:13-74
	android:theme
		ADDED from src\main\AndroidManifest.xml:84:13-66
	android:name
		ADDED from src\main\AndroidManifest.xml:81:13-84
activity#com.amap.navi.demo.activity.SimpleNaviActivity
ADDED from src\main\AndroidManifest.xml:86:9-90:69
	android:label
		ADDED from src\main\AndroidManifest.xml:89:13-45
	android:configChanges
		ADDED from src\main\AndroidManifest.xml:88:13-74
	android:theme
		ADDED from src\main\AndroidManifest.xml:90:13-66
	android:name
		ADDED from src\main\AndroidManifest.xml:87:13-74
activity#com.amap.navi.demo.activity.GetNaviStepsAndLinksActivity
ADDED from src\main\AndroidManifest.xml:92:9-96:69
	android:label
		ADDED from src\main\AndroidManifest.xml:95:13-45
	android:configChanges
		ADDED from src\main\AndroidManifest.xml:94:13-74
	android:theme
		ADDED from src\main\AndroidManifest.xml:96:13-66
	android:name
		ADDED from src\main\AndroidManifest.xml:93:13-84
activity#com.amap.navi.demo.activity.NorthModeActivity
ADDED from src\main\AndroidManifest.xml:97:9-101:69
	android:label
		ADDED from src\main\AndroidManifest.xml:100:13-45
	android:configChanges
		ADDED from src\main\AndroidManifest.xml:99:13-74
	android:theme
		ADDED from src\main\AndroidManifest.xml:101:13-66
	android:name
		ADDED from src\main\AndroidManifest.xml:98:13-73
activity#com.amap.navi.demo.activity.OverviewModeActivity
ADDED from src\main\AndroidManifest.xml:102:9-106:69
	android:label
		ADDED from src\main\AndroidManifest.xml:105:13-45
	android:configChanges
		ADDED from src\main\AndroidManifest.xml:104:13-74
	android:theme
		ADDED from src\main\AndroidManifest.xml:106:13-66
	android:name
		ADDED from src\main\AndroidManifest.xml:103:13-76
activity#com.amap.navi.demo.activity.BasicWalkNaviActivity
ADDED from src\main\AndroidManifest.xml:108:9-112:69
	android:label
		ADDED from src\main\AndroidManifest.xml:111:13-45
	android:configChanges
		ADDED from src\main\AndroidManifest.xml:110:13-74
	android:theme
		ADDED from src\main\AndroidManifest.xml:112:13-66
	android:name
		ADDED from src\main\AndroidManifest.xml:109:13-77
activity#com.amap.navi.demo.activity.UseExtraGpsDataActivity
ADDED from src\main\AndroidManifest.xml:115:9-119:69
	android:label
		ADDED from src\main\AndroidManifest.xml:118:13-45
	android:configChanges
		ADDED from src\main\AndroidManifest.xml:117:13-74
	android:theme
		ADDED from src\main\AndroidManifest.xml:119:13-66
	android:name
		ADDED from src\main\AndroidManifest.xml:116:13-79
activity#com.amap.navi.demo.activity.CustomCarActivity
ADDED from src\main\AndroidManifest.xml:122:9-126:69
	android:label
		ADDED from src\main\AndroidManifest.xml:125:13-45
	android:configChanges
		ADDED from src\main\AndroidManifest.xml:124:13-74
	android:theme
		ADDED from src\main\AndroidManifest.xml:126:13-66
	android:name
		ADDED from src\main\AndroidManifest.xml:123:13-73
activity#com.amap.navi.demo.activity.CustomRouteTextureInAMapNaviViewActivity
ADDED from src\main\AndroidManifest.xml:128:9-132:69
	android:label
		ADDED from src\main\AndroidManifest.xml:131:13-45
	android:configChanges
		ADDED from src\main\AndroidManifest.xml:130:13-74
	android:theme
		ADDED from src\main\AndroidManifest.xml:132:13-66
	android:name
		ADDED from src\main\AndroidManifest.xml:129:13-96
activity#com.amap.navi.demo.activity.CustomDirectionViewActivity
ADDED from src\main\AndroidManifest.xml:135:9-139:69
	android:label
		ADDED from src\main\AndroidManifest.xml:138:13-45
	android:configChanges
		ADDED from src\main\AndroidManifest.xml:137:13-74
	android:theme
		ADDED from src\main\AndroidManifest.xml:139:13-66
	android:name
		ADDED from src\main\AndroidManifest.xml:136:13-83
activity#com.amap.navi.demo.activity.CustomTrafficButtonViewActivity
ADDED from src\main\AndroidManifest.xml:141:9-145:69
	android:label
		ADDED from src\main\AndroidManifest.xml:144:13-45
	android:configChanges
		ADDED from src\main\AndroidManifest.xml:143:13-74
	android:theme
		ADDED from src\main\AndroidManifest.xml:145:13-66
	android:name
		ADDED from src\main\AndroidManifest.xml:142:13-87
activity#com.amap.navi.demo.activity.CustomNextTurnTipViewActivity
ADDED from src\main\AndroidManifest.xml:148:9-152:69
	android:label
		ADDED from src\main\AndroidManifest.xml:151:13-45
	android:configChanges
		ADDED from src\main\AndroidManifest.xml:150:13-74
	android:theme
		ADDED from src\main\AndroidManifest.xml:152:13-66
	android:name
		ADDED from src\main\AndroidManifest.xml:149:13-85
activity#com.amap.navi.demo.activity.CustomZoomButtonViewActivity
ADDED from src\main\AndroidManifest.xml:155:9-159:69
	android:label
		ADDED from src\main\AndroidManifest.xml:158:13-45
	android:configChanges
		ADDED from src\main\AndroidManifest.xml:157:13-74
	android:theme
		ADDED from src\main\AndroidManifest.xml:159:13-66
	android:name
		ADDED from src\main\AndroidManifest.xml:156:13-84
activity#com.amap.navi.demo.activity.CustomOverviewButtonViewActivity
ADDED from src\main\AndroidManifest.xml:162:9-166:69
	android:label
		ADDED from src\main\AndroidManifest.xml:165:13-45
	android:configChanges
		ADDED from src\main\AndroidManifest.xml:164:13-74
	android:theme
		ADDED from src\main\AndroidManifest.xml:166:13-66
	android:name
		ADDED from src\main\AndroidManifest.xml:163:13-88
activity#com.amap.navi.demo.activity.RestRouteShowActivity
ADDED from src\main\AndroidManifest.xml:167:9-171:69
	android:label
		ADDED from src\main\AndroidManifest.xml:170:13-45
	android:configChanges
		ADDED from src\main\AndroidManifest.xml:169:13-74
	android:theme
		ADDED from src\main\AndroidManifest.xml:171:13-66
	android:name
		ADDED from src\main\AndroidManifest.xml:168:13-77
activity#com.amap.navi.demo.activity.RouteNaviActivity
ADDED from src\main\AndroidManifest.xml:172:9-176:69
	android:label
		ADDED from src\main\AndroidManifest.xml:175:13-45
	android:configChanges
		ADDED from src\main\AndroidManifest.xml:174:13-74
	android:theme
		ADDED from src\main\AndroidManifest.xml:176:13-66
	android:name
		ADDED from src\main\AndroidManifest.xml:173:13-73
activity#com.amap.navi.demo.activity.SingleRouteCalculateActivity
ADDED from src\main\AndroidManifest.xml:178:9-182:69
	android:label
		ADDED from src\main\AndroidManifest.xml:181:13-45
	android:configChanges
		ADDED from src\main\AndroidManifest.xml:180:13-74
	android:theme
		ADDED from src\main\AndroidManifest.xml:182:13-66
	android:name
		ADDED from src\main\AndroidManifest.xml:179:13-66
activity#com.amap.navi.demo.activity.WalkRouteCalculateActivity
ADDED from src\main\AndroidManifest.xml:184:9-188:69
	android:label
		ADDED from src\main\AndroidManifest.xml:187:13-45
	android:configChanges
		ADDED from src\main\AndroidManifest.xml:186:13-74
	android:theme
		ADDED from src\main\AndroidManifest.xml:188:13-66
	android:name
		ADDED from src\main\AndroidManifest.xml:185:13-64
activity#com.amap.navi.demo.activity.RideRouteCalculateActivity
ADDED from src\main\AndroidManifest.xml:190:9-194:69
	android:label
		ADDED from src\main\AndroidManifest.xml:193:13-45
	android:configChanges
		ADDED from src\main\AndroidManifest.xml:192:13-74
	android:theme
		ADDED from src\main\AndroidManifest.xml:194:13-66
	android:name
		ADDED from src\main\AndroidManifest.xml:191:13-64
activity#com.amap.navi.demo.activity.EmulatorActivity
ADDED from src\main\AndroidManifest.xml:196:9-200:69
	android:label
		ADDED from src\main\AndroidManifest.xml:199:13-45
	android:configChanges
		ADDED from src\main\AndroidManifest.xml:198:13-74
	android:theme
		ADDED from src\main\AndroidManifest.xml:200:13-66
	android:name
		ADDED from src\main\AndroidManifest.xml:197:13-54
activity#com.amap.navi.demo.activity.custom.CustomUiActivity
ADDED from src\main\AndroidManifest.xml:202:9-206:69
	android:label
		ADDED from src\main\AndroidManifest.xml:205:13-45
	android:configChanges
		ADDED from src\main\AndroidManifest.xml:204:13-74
	android:theme
		ADDED from src\main\AndroidManifest.xml:206:13-66
	android:name
		ADDED from src\main\AndroidManifest.xml:203:13-61
activity#com.amap.navi.demo.activity.DriverListActivity
ADDED from src\main\AndroidManifest.xml:208:9-212:69
	android:label
		ADDED from src\main\AndroidManifest.xml:211:13-45
	android:configChanges
		ADDED from src\main\AndroidManifest.xml:210:13-74
	android:theme
		ADDED from src\main\AndroidManifest.xml:212:13-66
	android:name
		ADDED from src\main\AndroidManifest.xml:209:13-56
activity#com.amap.navi.demo.activity.NaviInfoActivity
ADDED from src\main\AndroidManifest.xml:214:9-218:69
	android:label
		ADDED from src\main\AndroidManifest.xml:217:13-45
	android:configChanges
		ADDED from src\main\AndroidManifest.xml:216:13-74
	android:theme
		ADDED from src\main\AndroidManifest.xml:218:13-66
	android:name
		ADDED from src\main\AndroidManifest.xml:215:13-54
uses-permission#android.permission.INTERNET
ADDED from src\main\AndroidManifest.xml:223:5-67
	android:name
		ADDED from src\main\AndroidManifest.xml:223:22-64
uses-permission#android.permission.WRITE_EXTERNAL_STORAGE
ADDED from src\main\AndroidManifest.xml:224:5-81
	android:name
		ADDED from src\main\AndroidManifest.xml:224:22-78
uses-permission#android.permission.ACCESS_COARSE_LOCATION
ADDED from src\main\AndroidManifest.xml:225:5-81
	android:name
		ADDED from src\main\AndroidManifest.xml:225:22-78
uses-permission#android.permission.ACCESS_NETWORK_STATE
ADDED from src\main\AndroidManifest.xml:226:5-79
	android:name
		ADDED from src\main\AndroidManifest.xml:226:22-76
uses-permission#android.permission.ACCESS_FINE_LOCATION
ADDED from src\main\AndroidManifest.xml:227:5-79
	android:name
		ADDED from src\main\AndroidManifest.xml:227:22-76
uses-permission#android.permission.READ_PHONE_STATE
ADDED from src\main\AndroidManifest.xml:228:5-75
	android:name
		ADDED from src\main\AndroidManifest.xml:228:22-72
uses-permission#android.permission.CHANGE_WIFI_STATE
ADDED from src\main\AndroidManifest.xml:229:5-76
	android:name
		ADDED from src\main\AndroidManifest.xml:229:22-73
uses-permission#android.permission.ACCESS_WIFI_STATE
ADDED from src\main\AndroidManifest.xml:230:5-76
	android:name
		ADDED from src\main\AndroidManifest.xml:230:22-73
uses-permission#android.permission.WAKE_LOCK
ADDED from src\main\AndroidManifest.xml:231:5-68
	android:name
		ADDED from src\main\AndroidManifest.xml:231:22-65